05/13/2025 08:54:32 PM: INFO: ****test_001_AccountRegistration started****
05/13/2025 08:54:34 PM: INFO: ****Launching Application****
05/13/2025 08:54:34 PM: INFO: ****Click on MyAccount ==> Register****
05/13/2025 08:54:40 PM: ERROR: ****Account Registration is Failed****

'''
Output after adding Log module and above log report:

PASSED

========================================================================== warnings summary ===========================================================================
utilities/customLogger.py:4
  /Users/olakoya/Desktop/PythonProject/HybridFramework/utilities/customLogger.py:4: DeprecationWarning: pkg_resources is deprecated as an API. See https://setuptools.pypa.io/en/latest/pkg_resources.html
    from pkg_resources import file_ns_handler

-- Docs: https://docs.pytest.org/en/stable/how-to/capture-warnings.html
==================================================================== 1 passed, 1 warning in 13.76s ====================================================================
(.venv) olakoya@MacBookPro HybridFramework %
'''

05/13/2025 09:02:35 PM: INFO: ****test_001_AccountRegistration started****
05/13/2025 09:02:37 PM: INFO: ****Launching Application****
05/13/2025 09:02:37 PM: INFO: ****Click on MyAccount ==> Register****
05/13/2025 09:02:42 PM: ERROR: ****Account Registration is Failed****

'''
========================================================================= test session starts =========================================================================
platform darwin -- Python 3.9.6, pytest-8.3.5, pluggy-1.5.0 -- /Users/olakoya/Desktop/PythonProject/HybridFramework/.venv/bin/python
cachedir: .pytest_cache
metadata: {'Python': '3.9.6', 'Platform': 'macOS-10.16-x86_64-i386-64bit', 'Packages': {'pytest': '8.3.5', 'pluggy': '1.5.0'}, 'Plugins': {'html': '4.1.1', 'metadata': '3.1.1', 'xdist': '3.6.1'}}
rootdir: /Users/olakoya/Desktop/PythonProject/HybridFramework
plugins: html-4.1.1, metadata-3.1.1, xdist-3.6.1
collected 1 item

testCases/test_001_AccountRegistration.py::Test_001_AccountReg::test_account_reg Used email: 5o4xgpvq@gmail.com
Clicked Continue button
Current URL after registration: https://tutorialsninja.com/demo/index.php?route=account/success
Actual confirmation message: 'Your Account Has Been Created!'
Saving screenshot to: /Users/olakoya/Desktop/PythonProject/HybridFramework/screenshots/text_account_reg_20250513_210242.png
PASSED

========================================================================== 1 passed in 9.40s ==========================================================================
(.venv) olakoya@MacBookPro HybridFramework %

'''
05/13/2025 09:06:00 PM: INFO: ****test_001_AccountRegistration started****
05/13/2025 09:06:02 PM: INFO: ****Launching Application****
05/13/2025 09:06:02 PM: INFO: ****Click on MyAccount ==> Register****
05/13/2025 09:06:08 PM: ERROR: ****Account Registration is Failed****

05/13/2025 09:08:53 PM: INFO: ****test_001_AccountRegistration started****
05/13/2025 09:08:55 PM: INFO: ****Launching Application****
05/13/2025 09:08:55 PM: INFO: ****Click on MyAccount ==> Register****
05/13/2025 09:09:01 PM: ERROR: ****Account Registration is Failed****
